// 同步 ID: f58db864 @ Thu Jun 25 08:48:24 UTC 2026
// 同步 ID: 7982a1d4 @ Thu Jun 25 12:33:40 UTC 2026
// 重构日志: 859e9820
// 同步 ID: 85a28c20 @ Fri Jun 26 16:03:19 UTC 2026
// 同步 ID: 37fe2e2f @ Sat Jun 27 11:15:45 UTC 2026
// 重构日志: 8f1b4edc
// 同步 ID: c5a8300e @ Sun Jun 28 00:55:02 UTC 2026
// 同步 ID: 5fb57f25 @ Sun Jun 28 09:28:05 UTC 2026
// 重构日志: 08e944c1
// 重构日志: c27c4345
// 重构日志: 35f26861
// 重构日志: 5afb4902
// 重构日志: b9f907f0
// 重构日志: c32f7474
// 重构日志: 6600cd54
// 同步 ID: c8c877eb @ Fri Jul  3 01:16:15 UTC 2026
// 同步 ID: 8fd61771 @ Fri Jul  3 08:56:06 UTC 2026
// 重构日志: 53220455
// 同步 ID: aa0f420e @ Sat Jul  4 12:50:49 UTC 2026
// 重构日志: 74248ff3
// 重构日志: b551fc1d
// 重构日志: 784bf6b0
// 同步 ID: 7eaa8216 @ Thu Jul  9 11:20:39 UTC 2026
// 重构日志: e50baf57
// 重构日志: 1726f852
// 同步 ID: 4456f97d @ Sat Jul 11 12:23:01 UTC 2026
// 同步 ID: d01e2615 @ Sat Jul 11 17:32:28 UTC 2026
// 重构日志: 3c791a82
// 同步 ID: 8bca81ee @ Sun Jul 12 10:03:38 UTC 2026
// 同步 ID: 0d371fe7 @ Sun Jul 12 11:41:23 UTC 2026
// 重构日志: dbe64d20
// 重构日志: 3b2cc93d
